<?xml version="1.0" encoding="UTF-8"?>
<!-- Generated by org.testng.reporters.JUnitReportReporter -->
<testsuite hostname="DESKTOP-1S89HDM" failures="0" tests="4" name="runner.CucumberRunnerTests" time="58.936" errors="0" timestamp="2022-10-13T11:20:42 CEST" skipped="0">
  <testcase classname="runner.CucumberRunnerTests" name="runScenario" time="8.604"/>
  <system-out/>
  <testcase classname="runner.CucumberRunnerTests" name="runScenario" time="28.845"/>
  <system-out/>
  <testcase classname="runner.CucumberRunnerTests" name="runScenario" time="9.115"/>
  <system-out/>
  <testcase classname="runner.CucumberRunnerTests" name="runScenario" time="12.372"/>
  <system-out/>
</testsuite> <!-- runner.CucumberRunnerTests -->
